/Users/petervandiver/.rvm/gems/ruby-2.2.0/gems/actionmailer-4.2.0/lib/action_mailer/base.rb:569:in `method_missing': undefined method `daily_email' for TasketMailer:Class (NoMethodError)
	from /Users/petervandiver/.rvm/gems/ruby-2.2.0/gems/railties-4.2.0/lib/rails/commands/runner.rb:62:in `block in <top (required)>'
	from /Users/petervandiver/.rvm/gems/ruby-2.2.0/gems/activerecord-4.2.0/lib/active_record/relation/delegation.rb:46:in `each'
	from /Users/petervandiver/.rvm/gems/ruby-2.2.0/gems/activerecord-4.2.0/lib/active_record/relation/delegation.rb:46:in `each'
	from /Users/petervandiver/.rvm/gems/ruby-2.2.0/gems/railties-4.2.0/lib/rails/commands/runner.rb:62:in `<top (required)>'
	from /Users/petervandiver/.rvm/gems/ruby-2.2.0/gems/railties-4.2.0/lib/rails/commands/runner.rb:62:in `eval'
	from /Users/petervandiver/.rvm/gems/ruby-2.2.0/gems/railties-4.2.0/lib/rails/commands/runner.rb:62:in `<top (required)>'
	from /Users/petervandiver/.rvm/gems/ruby-2.2.0/gems/activesupport-4.2.0/lib/active_support/dependencies.rb:274:in `require'
	from /Users/petervandiver/.rvm/gems/ruby-2.2.0/gems/activesupport-4.2.0/lib/active_support/dependencies.rb:274:in `block in require'
	from /Users/petervandiver/.rvm/gems/ruby-2.2.0/gems/activesupport-4.2.0/lib/active_support/dependencies.rb:240:in `load_dependency'
	from /Users/petervandiver/.rvm/gems/ruby-2.2.0/gems/activesupport-4.2.0/lib/active_support/dependencies.rb:274:in `require'
	from /Users/petervandiver/.rvm/gems/ruby-2.2.0/gems/railties-4.2.0/lib/rails/commands/commands_tasks.rb:123:in `require_command!'
	from /Users/petervandiver/.rvm/gems/ruby-2.2.0/gems/railties-4.2.0/lib/rails/commands/commands_tasks.rb:90:in `runner'
	from /Users/petervandiver/.rvm/gems/ruby-2.2.0/gems/railties-4.2.0/lib/rails/commands/commands_tasks.rb:39:in `run_command!'
	from /Users/petervandiver/.rvm/gems/ruby-2.2.0/gems/railties-4.2.0/lib/rails/commands.rb:17:in `<top (required)>'
	from /Users/petervandiver/.rvm/gems/ruby-2.2.0/gems/activesupport-4.2.0/lib/active_support/dependencies.rb:274:in `require'
	from /Users/petervandiver/.rvm/gems/ruby-2.2.0/gems/activesupport-4.2.0/lib/active_support/dependencies.rb:274:in `block in require'
	from /Users/petervandiver/.rvm/gems/ruby-2.2.0/gems/activesupport-4.2.0/lib/active_support/dependencies.rb:240:in `load_dependency'
	from /Users/petervandiver/.rvm/gems/ruby-2.2.0/gems/activesupport-4.2.0/lib/active_support/dependencies.rb:274:in `require'
	from /Users/petervandiver/Desktop/programs/Tasket_application/bin/rails:8:in `<top (required)>'
	from /Users/petervandiver/.rvm/gems/ruby-2.2.0/gems/activesupport-4.2.0/lib/active_support/dependencies.rb:268:in `load'
	from /Users/petervandiver/.rvm/gems/ruby-2.2.0/gems/activesupport-4.2.0/lib/active_support/dependencies.rb:268:in `block in load'
	from /Users/petervandiver/.rvm/gems/ruby-2.2.0/gems/activesupport-4.2.0/lib/active_support/dependencies.rb:240:in `load_dependency'
	from /Users/petervandiver/.rvm/gems/ruby-2.2.0/gems/activesupport-4.2.0/lib/active_support/dependencies.rb:268:in `load'
	from /Users/petervandiver/.rvm/rubies/ruby-2.2.0/lib/ruby/2.2.0/rubygems/core_ext/kernel_require.rb:54:in `require'
	from /Users/petervandiver/.rvm/rubies/ruby-2.2.0/lib/ruby/2.2.0/rubygems/core_ext/kernel_require.rb:54:in `require'
	from -e:1:in `<main>'
rake aborted!
Don't know how to build task 'send_daily_email'

(See full trace by running task with --trace)
rake aborted!
Don't know how to build task 'send_daily_email'

(See full trace by running task with --trace)
/Users/petervandiver/.rvm/gems/ruby-2.2.0/gems/actionmailer-4.2.0/lib/action_mailer/base.rb:569:in `method_missing': undefined method `daily_email' for TasketMailer:Class (NoMethodError)
	from /Users/petervandiver/.rvm/gems/ruby-2.2.0/gems/railties-4.2.0/lib/rails/commands/runner.rb:62:in `block in <top (required)>'
	from /Users/petervandiver/.rvm/gems/ruby-2.2.0/gems/activerecord-4.2.0/lib/active_record/relation/delegation.rb:46:in `each'
	from /Users/petervandiver/.rvm/gems/ruby-2.2.0/gems/activerecord-4.2.0/lib/active_record/relation/delegation.rb:46:in `each'
	from /Users/petervandiver/.rvm/gems/ruby-2.2.0/gems/railties-4.2.0/lib/rails/commands/runner.rb:62:in `<top (required)>'
	from /Users/petervandiver/.rvm/gems/ruby-2.2.0/gems/railties-4.2.0/lib/rails/commands/runner.rb:62:in `eval'
	from /Users/petervandiver/.rvm/gems/ruby-2.2.0/gems/railties-4.2.0/lib/rails/commands/runner.rb:62:in `<top (required)>'
	from /Users/petervandiver/.rvm/gems/ruby-2.2.0/gems/activesupport-4.2.0/lib/active_support/dependencies.rb:274:in `require'
	from /Users/petervandiver/.rvm/gems/ruby-2.2.0/gems/activesupport-4.2.0/lib/active_support/dependencies.rb:274:in `block in require'
	from /Users/petervandiver/.rvm/gems/ruby-2.2.0/gems/activesupport-4.2.0/lib/active_support/dependencies.rb:240:in `load_dependency'
	from /Users/petervandiver/.rvm/gems/ruby-2.2.0/gems/activesupport-4.2.0/lib/active_support/dependencies.rb:274:in `require'
	from /Users/petervandiver/.rvm/gems/ruby-2.2.0/gems/railties-4.2.0/lib/rails/commands/commands_tasks.rb:123:in `require_command!'
	from /Users/petervandiver/.rvm/gems/ruby-2.2.0/gems/railties-4.2.0/lib/rails/commands/commands_tasks.rb:90:in `runner'
	from /Users/petervandiver/.rvm/gems/ruby-2.2.0/gems/railties-4.2.0/lib/rails/commands/commands_tasks.rb:39:in `run_command!'
	from /Users/petervandiver/.rvm/gems/ruby-2.2.0/gems/railties-4.2.0/lib/rails/commands.rb:17:in `<top (required)>'
	from /Users/petervandiver/.rvm/gems/ruby-2.2.0/gems/activesupport-4.2.0/lib/active_support/dependencies.rb:274:in `require'
	from /Users/petervandiver/.rvm/gems/ruby-2.2.0/gems/activesupport-4.2.0/lib/active_support/dependencies.rb:274:in `block in require'
	from /Users/petervandiver/.rvm/gems/ruby-2.2.0/gems/activesupport-4.2.0/lib/active_support/dependencies.rb:240:in `load_dependency'
	from /Users/petervandiver/.rvm/gems/ruby-2.2.0/gems/activesupport-4.2.0/lib/active_support/dependencies.rb:274:in `require'
	from /Users/petervandiver/Desktop/programs/Tasket_application/bin/rails:8:in `<top (required)>'
	from /Users/petervandiver/.rvm/gems/ruby-2.2.0/gems/activesupport-4.2.0/lib/active_support/dependencies.rb:268:in `load'
	from /Users/petervandiver/.rvm/gems/ruby-2.2.0/gems/activesupport-4.2.0/lib/active_support/dependencies.rb:268:in `block in load'
	from /Users/petervandiver/.rvm/gems/ruby-2.2.0/gems/activesupport-4.2.0/lib/active_support/dependencies.rb:240:in `load_dependency'
	from /Users/petervandiver/.rvm/gems/ruby-2.2.0/gems/activesupport-4.2.0/lib/active_support/dependencies.rb:268:in `load'
	from /Users/petervandiver/.rvm/rubies/ruby-2.2.0/lib/ruby/2.2.0/rubygems/core_ext/kernel_require.rb:54:in `require'
	from /Users/petervandiver/.rvm/rubies/ruby-2.2.0/lib/ruby/2.2.0/rubygems/core_ext/kernel_require.rb:54:in `require'
	from -e:1:in `<main>'
rake aborted!
Don't know how to build task 'send_daily_email'

(See full trace by running task with --trace)
rake aborted!
Don't know how to build task 'send_daily_email'

(See full trace by running task with --trace)
/Users/petervandiver/.rvm/gems/ruby-2.2.0/gems/actionmailer-4.2.0/lib/action_mailer/base.rb:569:in `method_missing': undefined method `daily_email' for TasketMailer:Class (NoMethodError)
	from /Users/petervandiver/.rvm/gems/ruby-2.2.0/gems/railties-4.2.0/lib/rails/commands/runner.rb:62:in `block in <top (required)>'
	from /Users/petervandiver/.rvm/gems/ruby-2.2.0/gems/activerecord-4.2.0/lib/active_record/relation/delegation.rb:46:in `each'
	from /Users/petervandiver/.rvm/gems/ruby-2.2.0/gems/activerecord-4.2.0/lib/active_record/relation/delegation.rb:46:in `each'
	from /Users/petervandiver/.rvm/gems/ruby-2.2.0/gems/railties-4.2.0/lib/rails/commands/runner.rb:62:in `<top (required)>'
	from /Users/petervandiver/.rvm/gems/ruby-2.2.0/gems/railties-4.2.0/lib/rails/commands/runner.rb:62:in `eval'
	from /Users/petervandiver/.rvm/gems/ruby-2.2.0/gems/railties-4.2.0/lib/rails/commands/runner.rb:62:in `<top (required)>'
	from /Users/petervandiver/.rvm/gems/ruby-2.2.0/gems/activesupport-4.2.0/lib/active_support/dependencies.rb:274:in `require'
	from /Users/petervandiver/.rvm/gems/ruby-2.2.0/gems/activesupport-4.2.0/lib/active_support/dependencies.rb:274:in `block in require'
	from /Users/petervandiver/.rvm/gems/ruby-2.2.0/gems/activesupport-4.2.0/lib/active_support/dependencies.rb:240:in `load_dependency'
	from /Users/petervandiver/.rvm/gems/ruby-2.2.0/gems/activesupport-4.2.0/lib/active_support/dependencies.rb:274:in `require'
	from /Users/petervandiver/.rvm/gems/ruby-2.2.0/gems/railties-4.2.0/lib/rails/commands/commands_tasks.rb:123:in `require_command!'
	from /Users/petervandiver/.rvm/gems/ruby-2.2.0/gems/railties-4.2.0/lib/rails/commands/commands_tasks.rb:90:in `runner'
	from /Users/petervandiver/.rvm/gems/ruby-2.2.0/gems/railties-4.2.0/lib/rails/commands/commands_tasks.rb:39:in `run_command!'
	from /Users/petervandiver/.rvm/gems/ruby-2.2.0/gems/railties-4.2.0/lib/rails/commands.rb:17:in `<top (required)>'
	from /Users/petervandiver/.rvm/gems/ruby-2.2.0/gems/activesupport-4.2.0/lib/active_support/dependencies.rb:274:in `require'
	from /Users/petervandiver/.rvm/gems/ruby-2.2.0/gems/activesupport-4.2.0/lib/active_support/dependencies.rb:274:in `block in require'
	from /Users/petervandiver/.rvm/gems/ruby-2.2.0/gems/activesupport-4.2.0/lib/active_support/dependencies.rb:240:in `load_dependency'
	from /Users/petervandiver/.rvm/gems/ruby-2.2.0/gems/activesupport-4.2.0/lib/active_support/dependencies.rb:274:in `require'
	from /Users/petervandiver/Desktop/programs/Tasket_application/bin/rails:8:in `<top (required)>'
	from /Users/petervandiver/.rvm/gems/ruby-2.2.0/gems/activesupport-4.2.0/lib/active_support/dependencies.rb:268:in `load'
	from /Users/petervandiver/.rvm/gems/ruby-2.2.0/gems/activesupport-4.2.0/lib/active_support/dependencies.rb:268:in `block in load'
	from /Users/petervandiver/.rvm/gems/ruby-2.2.0/gems/activesupport-4.2.0/lib/active_support/dependencies.rb:240:in `load_dependency'
	from /Users/petervandiver/.rvm/gems/ruby-2.2.0/gems/activesupport-4.2.0/lib/active_support/dependencies.rb:268:in `load'
	from /Users/petervandiver/.rvm/rubies/ruby-2.2.0/lib/ruby/2.2.0/rubygems/core_ext/kernel_require.rb:54:in `require'
	from /Users/petervandiver/.rvm/rubies/ruby-2.2.0/lib/ruby/2.2.0/rubygems/core_ext/kernel_require.rb:54:in `require'
	from -e:1:in `<main>'
rake aborted!
Don't know how to build task 'send_daily_email'

(See full trace by running task with --trace)
rake aborted!
Don't know how to build task 'send_daily_email'

(See full trace by running task with --trace)
/Users/petervandiver/.rvm/gems/ruby-2.2.0/gems/actionmailer-4.2.0/lib/action_mailer/base.rb:569:in `method_missing': undefined method `daily_email' for TasketMailer:Class (NoMethodError)
	from /Users/petervandiver/.rvm/gems/ruby-2.2.0/gems/railties-4.2.0/lib/rails/commands/runner.rb:62:in `block in <top (required)>'
	from /Users/petervandiver/.rvm/gems/ruby-2.2.0/gems/activerecord-4.2.0/lib/active_record/relation/delegation.rb:46:in `each'
	from /Users/petervandiver/.rvm/gems/ruby-2.2.0/gems/activerecord-4.2.0/lib/active_record/relation/delegation.rb:46:in `each'
	from /Users/petervandiver/.rvm/gems/ruby-2.2.0/gems/railties-4.2.0/lib/rails/commands/runner.rb:62:in `<top (required)>'
	from /Users/petervandiver/.rvm/gems/ruby-2.2.0/gems/railties-4.2.0/lib/rails/commands/runner.rb:62:in `eval'
	from /Users/petervandiver/.rvm/gems/ruby-2.2.0/gems/railties-4.2.0/lib/rails/commands/runner.rb:62:in `<top (required)>'
	from /Users/petervandiver/.rvm/gems/ruby-2.2.0/gems/activesupport-4.2.0/lib/active_support/dependencies.rb:274:in `require'
	from /Users/petervandiver/.rvm/gems/ruby-2.2.0/gems/activesupport-4.2.0/lib/active_support/dependencies.rb:274:in `block in require'
	from /Users/petervandiver/.rvm/gems/ruby-2.2.0/gems/activesupport-4.2.0/lib/active_support/dependencies.rb:240:in `load_dependency'
	from /Users/petervandiver/.rvm/gems/ruby-2.2.0/gems/activesupport-4.2.0/lib/active_support/dependencies.rb:274:in `require'
	from /Users/petervandiver/.rvm/gems/ruby-2.2.0/gems/railties-4.2.0/lib/rails/commands/commands_tasks.rb:123:in `require_command!'
	from /Users/petervandiver/.rvm/gems/ruby-2.2.0/gems/railties-4.2.0/lib/rails/commands/commands_tasks.rb:90:in `runner'
	from /Users/petervandiver/.rvm/gems/ruby-2.2.0/gems/railties-4.2.0/lib/rails/commands/commands_tasks.rb:39:in `run_command!'
	from /Users/petervandiver/.rvm/gems/ruby-2.2.0/gems/railties-4.2.0/lib/rails/commands.rb:17:in `<top (required)>'
	from /Users/petervandiver/.rvm/gems/ruby-2.2.0/gems/activesupport-4.2.0/lib/active_support/dependencies.rb:274:in `require'
	from /Users/petervandiver/.rvm/gems/ruby-2.2.0/gems/activesupport-4.2.0/lib/active_support/dependencies.rb:274:in `block in require'
	from /Users/petervandiver/.rvm/gems/ruby-2.2.0/gems/activesupport-4.2.0/lib/active_support/dependencies.rb:240:in `load_dependency'
	from /Users/petervandiver/.rvm/gems/ruby-2.2.0/gems/activesupport-4.2.0/lib/active_support/dependencies.rb:274:in `require'
	from /Users/petervandiver/Desktop/programs/Tasket_application/bin/rails:8:in `<top (required)>'
	from /Users/petervandiver/.rvm/gems/ruby-2.2.0/gems/activesupport-4.2.0/lib/active_support/dependencies.rb:268:in `load'
	from /Users/petervandiver/.rvm/gems/ruby-2.2.0/gems/activesupport-4.2.0/lib/active_support/dependencies.rb:268:in `block in load'
	from /Users/petervandiver/.rvm/gems/ruby-2.2.0/gems/activesupport-4.2.0/lib/active_support/dependencies.rb:240:in `load_dependency'
	from /Users/petervandiver/.rvm/gems/ruby-2.2.0/gems/activesupport-4.2.0/lib/active_support/dependencies.rb:268:in `load'
	from /Users/petervandiver/.rvm/rubies/ruby-2.2.0/lib/ruby/2.2.0/rubygems/core_ext/kernel_require.rb:54:in `require'
	from /Users/petervandiver/.rvm/rubies/ruby-2.2.0/lib/ruby/2.2.0/rubygems/core_ext/kernel_require.rb:54:in `require'
	from -e:1:in `<main>'
rake aborted!
Don't know how to build task 'send_daily_email'

(See full trace by running task with --trace)
rake aborted!
Don't know how to build task 'send_daily_email'

(See full trace by running task with --trace)
/Users/petervandiver/.rvm/gems/ruby-2.2.0/gems/actionmailer-4.2.0/lib/action_mailer/base.rb:569:in `method_missing': undefined method `daily_email' for TasketMailer:Class (NoMethodError)
	from /Users/petervandiver/.rvm/gems/ruby-2.2.0/gems/railties-4.2.0/lib/rails/commands/runner.rb:62:in `block in <top (required)>'
	from /Users/petervandiver/.rvm/gems/ruby-2.2.0/gems/activerecord-4.2.0/lib/active_record/relation/delegation.rb:46:in `each'
	from /Users/petervandiver/.rvm/gems/ruby-2.2.0/gems/activerecord-4.2.0/lib/active_record/relation/delegation.rb:46:in `each'
	from /Users/petervandiver/.rvm/gems/ruby-2.2.0/gems/railties-4.2.0/lib/rails/commands/runner.rb:62:in `<top (required)>'
	from /Users/petervandiver/.rvm/gems/ruby-2.2.0/gems/railties-4.2.0/lib/rails/commands/runner.rb:62:in `eval'
	from /Users/petervandiver/.rvm/gems/ruby-2.2.0/gems/railties-4.2.0/lib/rails/commands/runner.rb:62:in `<top (required)>'
	from /Users/petervandiver/.rvm/gems/ruby-2.2.0/gems/activesupport-4.2.0/lib/active_support/dependencies.rb:274:in `require'
	from /Users/petervandiver/.rvm/gems/ruby-2.2.0/gems/activesupport-4.2.0/lib/active_support/dependencies.rb:274:in `block in require'
	from /Users/petervandiver/.rvm/gems/ruby-2.2.0/gems/activesupport-4.2.0/lib/active_support/dependencies.rb:240:in `load_dependency'
	from /Users/petervandiver/.rvm/gems/ruby-2.2.0/gems/activesupport-4.2.0/lib/active_support/dependencies.rb:274:in `require'
	from /Users/petervandiver/.rvm/gems/ruby-2.2.0/gems/railties-4.2.0/lib/rails/commands/commands_tasks.rb:123:in `require_command!'
	from /Users/petervandiver/.rvm/gems/ruby-2.2.0/gems/railties-4.2.0/lib/rails/commands/commands_tasks.rb:90:in `runner'
	from /Users/petervandiver/.rvm/gems/ruby-2.2.0/gems/railties-4.2.0/lib/rails/commands/commands_tasks.rb:39:in `run_command!'
	from /Users/petervandiver/.rvm/gems/ruby-2.2.0/gems/railties-4.2.0/lib/rails/commands.rb:17:in `<top (required)>'
	from /Users/petervandiver/.rvm/gems/ruby-2.2.0/gems/activesupport-4.2.0/lib/active_support/dependencies.rb:274:in `require'
	from /Users/petervandiver/.rvm/gems/ruby-2.2.0/gems/activesupport-4.2.0/lib/active_support/dependencies.rb:274:in `block in require'
	from /Users/petervandiver/.rvm/gems/ruby-2.2.0/gems/activesupport-4.2.0/lib/active_support/dependencies.rb:240:in `load_dependency'
	from /Users/petervandiver/.rvm/gems/ruby-2.2.0/gems/activesupport-4.2.0/lib/active_support/dependencies.rb:274:in `require'
	from /Users/petervandiver/Desktop/programs/Tasket_application/bin/rails:8:in `<top (required)>'
	from /Users/petervandiver/.rvm/gems/ruby-2.2.0/gems/activesupport-4.2.0/lib/active_support/dependencies.rb:268:in `load'
	from /Users/petervandiver/.rvm/gems/ruby-2.2.0/gems/activesupport-4.2.0/lib/active_support/dependencies.rb:268:in `block in load'
	from /Users/petervandiver/.rvm/gems/ruby-2.2.0/gems/activesupport-4.2.0/lib/active_support/dependencies.rb:240:in `load_dependency'
	from /Users/petervandiver/.rvm/gems/ruby-2.2.0/gems/activesupport-4.2.0/lib/active_support/dependencies.rb:268:in `load'
	from /Users/petervandiver/.rvm/rubies/ruby-2.2.0/lib/ruby/2.2.0/rubygems/core_ext/kernel_require.rb:54:in `require'
	from /Users/petervandiver/.rvm/rubies/ruby-2.2.0/lib/ruby/2.2.0/rubygems/core_ext/kernel_require.rb:54:in `require'
	from -e:1:in `<main>'
rake aborted!
Don't know how to build task 'send_daily_email'

(See full trace by running task with --trace)
